<?xml version="1.0" encoding="UTF-8"?>
<testng-results ignored="0" total="1" passed="1" failed="0" skipped="0">
  <reporter-output>
  </reporter-output>
  <suite started-at="2024-04-25T18:17:17 ART" name="Surefire suite" finished-at="2024-04-25T18:17:17 ART" duration-ms="27">
    <groups>
    </groups>
    <test started-at="2024-04-25T18:17:17 ART" name="Surefire test" finished-at="2024-04-25T18:17:17 ART" duration-ms="27">
      <class name="agustin.AppTest">
        <test-method signature="shouldAnswerWithTrue()" started-at="2024-04-25T18:17:17 ART" name="shouldAnswerWithTrue" finished-at="2024-04-25T18:17:17 ART" duration-ms="3" status="PASS">
          <reporter-output>
          </reporter-output>
        </test-method> <!-- shouldAnswerWithTrue -->
      </class> <!-- agustin.AppTest -->
    </test> <!-- Surefire test -->
  </suite> <!-- Surefire suite -->
</testng-results>
