<?xml version="1.0" encoding="UTF-8"?>
<!-- Generated by org.testng.reporters.JUnitXMLReporter -->
<testsuite ignored="0" hostname="Asus_Agustin" failures="0" tests="4" name="Login Test" time="29.907" errors="0" timestamp="2024-04-29T18:58:35 ART">
  <testcase classname="agustin.LoginTest" name="restorePasswordInvalidCredentials" time="4.756"/>
  <testcase classname="agustin.LoginTest" name="restorePassworrdInvalidCredentials" time="4.36"/>
  <testcase classname="agustin.LoginTest" name="testInvalidLogin" time="3.916"/>
  <testcase classname="agustin.LoginTest" name="testValidLogin" time="11.403"/>
</testsuite> <!-- Login Test -->
