<?xml version="1.0" encoding="UTF-8"?>
<!-- Generated by org.testng.reporters.JUnitXMLReporter -->
<testsuite ignored="0" hostname="Asus_Agustin" failures="0" tests="4" name="Surefire test" time="34.93" errors="0" timestamp="2024-04-25T18:17:17 ART">
  <testcase classname="agustin.LoginTest" name="testLoginPage" time="4.427"/>
  <testcase classname="agustin.LoginTest" name="testLoginPage" time="12.036"/>
  <testcase classname="agustin.SendMsgTest" name="testAction1" time="6.514"/>
  <testcase classname="agustin.SendMsgTest" name="testSendMsg" time="2.731"/>
</testsuite> <!-- Surefire test -->
