<?xml version="1.0" encoding="UTF-8"?>
<testng-results ignored="0" total="4" passed="4" failed="0" skipped="0">
  <reporter-output>
  </reporter-output>
  <suite started-at="2024-04-25T18:16:42 ART" name="Surefire suite" finished-at="2024-04-25T18:17:17 ART" duration-ms="34930">
    <groups>
    </groups>
    <test started-at="2024-04-25T18:16:42 ART" name="Surefire test" finished-at="2024-04-25T18:17:17 ART" duration-ms="34930">
      <class name="agustin.SendMsgTest">
        <test-method is-config="true" signature="setupClass()[pri:0, instance:agustin.SendMsgTest@23bb8443]" started-at="2024-04-25T18:17:06 ART" name="setupClass" finished-at="2024-04-25T18:17:06 ART" duration-ms="0" status="PASS">
          <reporter-output>
          </reporter-output>
        </test-method> <!-- setupClass -->
        <test-method is-config="true" signature="setup()[pri:0, instance:agustin.SendMsgTest@23bb8443]" started-at="2024-04-25T18:17:06 ART" name="setup" finished-at="2024-04-25T18:17:07 ART" duration-ms="917" status="PASS">
          <reporter-output>
          </reporter-output>
        </test-method> <!-- setup -->
        <test-method signature="testAction1()[pri:0, instance:agustin.SendMsgTest@23bb8443]" started-at="2024-04-25T18:17:07 ART" name="testAction1" finished-at="2024-04-25T18:17:13 ART" duration-ms="6514" status="PASS">
          <reporter-output>
          </reporter-output>
        </test-method> <!-- testAction1 -->
        <test-method is-config="true" signature="tearDown()[pri:0, instance:agustin.SendMsgTest@23bb8443]" started-at="2024-04-25T18:17:13 ART" name="tearDown" finished-at="2024-04-25T18:17:13 ART" duration-ms="0" status="PASS">
          <reporter-output>
          </reporter-output>
        </test-method> <!-- tearDown -->
        <test-method is-config="true" signature="setup()[pri:0, instance:agustin.SendMsgTest@23bb8443]" started-at="2024-04-25T18:17:13 ART" name="setup" finished-at="2024-04-25T18:17:14 ART" duration-ms="878" status="PASS">
          <reporter-output>
          </reporter-output>
        </test-method> <!-- setup -->
        <test-method signature="testSendMsg()[pri:0, instance:agustin.SendMsgTest@23bb8443]" started-at="2024-04-25T18:17:14 ART" name="testSendMsg" finished-at="2024-04-25T18:17:17 ART" depends-on-methods="agustin.SendMsgTest.testAction1" duration-ms="2731" status="PASS">
          <reporter-output>
          </reporter-output>
        </test-method> <!-- testSendMsg -->
        <test-method is-config="true" signature="tearDown()[pri:0, instance:agustin.SendMsgTest@23bb8443]" started-at="2024-04-25T18:17:17 ART" name="tearDown" finished-at="2024-04-25T18:17:17 ART" duration-ms="0" status="PASS">
          <reporter-output>
          </reporter-output>
        </test-method> <!-- tearDown -->
      </class> <!-- agustin.SendMsgTest -->
      <class name="agustin.LoginTest">
        <test-method is-config="true" signature="setupClass()[pri:0, instance:agustin.LoginTest@3ffcd140]" started-at="2024-04-25T18:16:42 ART" name="setupClass" finished-at="2024-04-25T18:16:42 ART" duration-ms="7" status="PASS">
          <reporter-output>
          </reporter-output>
        </test-method> <!-- setupClass -->
        <test-method is-config="true" signature="setup()[pri:0, instance:agustin.LoginTest@3ffcd140]" started-at="2024-04-25T18:16:42 ART" name="setup" finished-at="2024-04-25T18:16:48 ART" duration-ms="6490" status="PASS">
          <reporter-output>
          </reporter-output>
        </test-method> <!-- setup -->
        <test-method signature="testLoginPage(java.lang.String, java.lang.String, boolean)[pri:0, instance:agustin.LoginTest@3ffcd140]" started-at="2024-04-25T18:16:48 ART" name="testLoginPage" data-provider="loginCredentials" finished-at="2024-04-25T18:16:53 ART" duration-ms="4427" status="PASS">
          <params>
            <param index="0">
              <value>
                <![CDATA[directv@ioniksend.com1]]>
              </value>
            </param>
            <param index="1">
              <value>
                <![CDATA[Hola2023]]>
              </value>
            </param>
            <param index="2">
              <value>
                <![CDATA[false]]>
              </value>
            </param>
          </params>
          <reporter-output>
          </reporter-output>
        </test-method> <!-- testLoginPage -->
        <test-method is-config="true" signature="tearDown()[pri:0, instance:agustin.LoginTest@3ffcd140]" started-at="2024-04-25T18:16:53 ART" name="tearDown" finished-at="2024-04-25T18:16:53 ART" duration-ms="0" status="PASS">
          <reporter-output>
          </reporter-output>
        </test-method> <!-- tearDown -->
        <test-method is-config="true" signature="setup()[pri:0, instance:agustin.LoginTest@3ffcd140]" started-at="2024-04-25T18:16:53 ART" name="setup" finished-at="2024-04-25T18:16:54 ART" duration-ms="901" status="PASS">
          <reporter-output>
          </reporter-output>
        </test-method> <!-- setup -->
        <test-method signature="testLoginPage(java.lang.String, java.lang.String, boolean)[pri:0, instance:agustin.LoginTest@3ffcd140]" started-at="2024-04-25T18:16:54 ART" name="testLoginPage" data-provider="loginCredentials" finished-at="2024-04-25T18:17:06 ART" duration-ms="12036" status="PASS">
          <params>
            <param index="0">
              <value>
                <![CDATA[directv@ioniksend.com]]>
              </value>
            </param>
            <param index="1">
              <value>
                <![CDATA[Hola2023]]>
              </value>
            </param>
            <param index="2">
              <value>
                <![CDATA[true]]>
              </value>
            </param>
          </params>
          <reporter-output>
          </reporter-output>
        </test-method> <!-- testLoginPage -->
        <test-method is-config="true" signature="tearDown()[pri:0, instance:agustin.LoginTest@3ffcd140]" started-at="2024-04-25T18:17:06 ART" name="tearDown" finished-at="2024-04-25T18:17:06 ART" duration-ms="1" status="PASS">
          <reporter-output>
          </reporter-output>
        </test-method> <!-- tearDown -->
      </class> <!-- agustin.LoginTest -->
    </test> <!-- Surefire test -->
  </suite> <!-- Surefire suite -->
</testng-results>
